<?xml version="1.0" encoding="UTF-8"?>
<testng-results ignored="0" total="1" passed="1" failed="0" skipped="0">
  <reporter-output>
  </reporter-output>
  <suite started-at="2022-11-08T05:11:38Z" name="Default suite" finished-at="2022-11-08T05:11:52Z" duration-ms="14450">
    <groups>
    </groups>
    <test started-at="2022-11-08T05:11:38Z" name="Default test" finished-at="2022-11-08T05:11:52Z" duration-ms="14450">
      <class name="logout.Logout">
        <test-method is-config="true" signature="openURL()[pri:0, instance:logout.Logout@54422e18]" started-at="2022-11-08T07:11:38Z" name="openURL" finished-at="2022-11-08T07:11:43Z" duration-ms="5015" status="PASS">
          <reporter-output>
          </reporter-output>
        </test-method> <!-- openURL -->
        <test-method signature="testImplicitTest()[pri:0, instance:logout.Logout@54422e18]" started-at="2022-11-08T07:11:43Z" name="testImplicitTest" finished-at="2022-11-08T07:11:51Z" duration-ms="8169" status="PASS">
          <reporter-output>
          </reporter-output>
        </test-method> <!-- testImplicitTest -->
        <test-method is-config="true" signature="close()[pri:0, instance:logout.Logout@54422e18]" started-at="2022-11-08T07:11:51Z" name="close" finished-at="2022-11-08T07:11:52Z" duration-ms="1218" status="PASS">
          <reporter-output>
          </reporter-output>
        </test-method> <!-- close -->
      </class> <!-- logout.Logout -->
    </test> <!-- Default test -->
  </suite> <!-- Default suite -->
</testng-results>
